<?xml version="1.0" encoding="UTF-8"?>
<!-- Generated by org.testng.reporters.JUnitReportReporter -->
<testsuite skipped="0" hostname="Mukhesh" name="com.org.TestCases.LoginPageTest" tests="1" failures="0" timestamp="28 Feb 2020 04:30:45 GMT" time="15.811" errors="0">
  <testcase name="testLogo" time="15.811" classname="com.org.TestCases.LoginPageTest"/>
</testsuite> <!-- com.org.TestCases.LoginPageTest -->
