<?xml version="1.0" encoding="UTF-8"?>
<!-- Generated by org.testng.reporters.JUnitReportReporter -->
<testsuite skipped="0" hostname="Mukhesh" name="com.org.TestCases.SystemusersTest" tests="4" failures="0" timestamp="28 Feb 2020 04:30:45 GMT" time="90.302" errors="0">
  <testcase name="enterDetails" time="23.107" classname="com.org.TestCases.SystemusersTest"/>
  <testcase name="enterDetails" time="24.110" classname="com.org.TestCases.SystemusersTest"/>
  <testcase name="enterDetails" time="20.706" classname="com.org.TestCases.SystemusersTest"/>
  <testcase name="enterDetails" time="22.379" classname="com.org.TestCases.SystemusersTest"/>
</testsuite> <!-- com.org.TestCases.SystemusersTest -->
