<?xml version="1.0" encoding="UTF-8"?>
<!-- Generated by org.testng.reporters.JUnitReportReporter -->
<testsuite skipped="0" hostname="Mukhesh" name="com.org.TestCases.DashBoardPageTest" tests="4" failures="0" timestamp="14 Feb 2020 16:25:59 GMT" time="114.847" errors="0">
  <testcase name="logoTest" time="27.803" classname="com.org.TestCases.DashBoardPageTest"/>
  <testcase name="logoTest1" time="20.482" classname="com.org.TestCases.DashBoardPageTest"/>
  <testcase name="logoTest2" time="39.477" classname="com.org.TestCases.DashBoardPageTest"/>
  <testcase name="clickUsersTab" time="27.085" classname="com.org.TestCases.DashBoardPageTest"/>
</testsuite> <!-- com.org.TestCases.DashBoardPageTest -->
